<?xml version="1.0" encoding="UTF-8"?>
<!--
  ~ PatientView
  ~
  ~ Copyright (c) Worth Solutions Limited 2004-2013
  ~
  ~ This file is part of PatientView.
  ~
  ~ PatientView is free software: you can redistribute it and/or modify it under the terms of the
  ~ GNU General Public License as published by the Free Software Foundation, either version 3 of the License,
  ~ or (at your option) any later version.
  ~ PatientView is distributed in the hope that it will be useful, but WITHOUT ANY WARRANTY; without even
  ~ the implied warranty of MERCHANTABILITY or FITNESS FOR A PARTICULAR PURPOSE. See the
  ~ GNU General Public License for more details.
  ~ You should have received a copy of the GNU General Public License along with PatientView in a file
  ~ titled COPYING. If not, see <http://www.gnu.org/licenses/>.
  ~
  ~ @package PatientView
  ~ @link http://www.patientview.org
  ~ @author PatientView <info@patientview.org>
  ~ @copyright Copyright (c) 2004-2013, Worth Solutions Limited
  ~ @license http://www.gnu.org/licenses/gpl-3.0.html The GNU General Public License V3.0
  -->

<beans xmlns="http://www.springframework.org/schema/beans"
       xmlns:xsi="http://www.w3.org/2001/XMLSchema-instance"
       xmlns:tx="http://www.springframework.org/schema/tx" xmlns:context="http://www.springframework.org/schema/context"
       xsi:schemaLocation="http://www.springframework.org/schema/beans
           http://www.springframework.org/schema/beans/spring-beans-3.1.xsd
           http://www.springframework.org/schema/tx http://www.springframework.org/schema/tx/spring-tx-3.1.xsd
           http://www.springframework.org/schema/context http://www.springframework.org/schema/context/spring-context-3.1.xsd">

    <!-- check for annotations -->
    <context:component-scan base-package="org.patientview.test"/>

    <bean id="emailManager" class="org.patientview.test.helpers.impl.TestableEmailManagerImpl"/>

    <bean id="importManager" class="org.patientview.test.helpers.impl.TestableResultsUpdater"/>

</beans>
