<?xml version="1.0" encoding="UTF-8"?>
<beans xmlns="http://www.springframework.org/schema/beans"
       xmlns:xsi="http://www.w3.org/2001/XMLSchema-instance"
       xmlns:context="http://www.springframework.org/schema/context"
       xmlns:tx="http://www.springframework.org/schema/context"
       xsi:schemaLocation="http://www.springframework.org/schema/beans
           http://www.springframework.org/schema/beans/spring-beans-3.0.xsd
           http://www.springframework.org/schema/tx http://www.springframework.org/schema/tx/spring-tx-3.1.xsd
           http://www.springframework.org/schema/context http://www.springframework.org/schema/context/spring-context-3.1.xsd">

    <context:component-scan base-package="org.patientview.radar.test"/>

    <!--Imports-->
    <import resource="context-dao.xml"/>
    <import resource="context-security.xml"/>
    <import resource="context-service.xml"/>
    <import resource="context-smtp.xml"/>

    <!--Properties Placeholder-->
    <bean id="propertyConfigurer" class="org.springframework.beans.factory.config.PropertyPlaceholderConfigurer">
        <property name="location" value="classpath:radar.properties"/>
    </bean>

    <bean id="radarApplication" class="org.patientview.radar.web.RadarApplication">
        <property name="ajaxDebug" value="${ajax.debug}"/>
    </bean>

</beans>